<?xml version="1.0" encoding="UTF-8"?>
<testsuite xmlns:xsi="http://www.w3.org/2001/XMLSchema-instance" xsi:noNamespaceSchemaLocation="https://maven.apache.org/surefire/maven-surefire-plugin/xsd/surefire-test-report-3.0.xsd" version="3.0" name="runners.SmokeRunner" time="3.753" tests="2" errors="2" skipped="0" failures="0">
  <properties>
[...]
</properties>
  <testcase name="valid admin login" classname="Login functionality" time="3.015">
    <error message="session not created: This version of ChromeDriver only supports Chrome version 114&#10;Current browser version is 127.0.6533.100 with binary path C:\Program Files\Google\Chrome\Application\chrome.exe&#10;Build info: version: &apos;3.141.59&apos;, revision: &apos;e82be7d358&apos;, time: &apos;2018-11-14T08:17:03&apos;&#10;System info: host: &apos;SAYEDZUBAIR&apos;, ip: &apos;192.168.1.65&apos;, os.name: &apos;Windows 11&apos;, os.arch: &apos;amd64&apos;, os.version: &apos;10.0&apos;, java.version: &apos;19.0.1&apos;&#10;Driver info: driver.version: ChromeDriver&#10;remote stacktrace: Backtrace:&#10;	GetHandleVerifier [0x0049A813+48355]&#10;	(No symbol) [0x0042C4B1]&#10;	(No symbol) [0x00335358]&#10;	(No symbol) [0x003561AC]&#10;	(No symbol) [0x00351EF3]&#10;	(No symbol) [0x00350579]&#10;	(No symbol) [0x00380C55]&#10;	(No symbol) [0x0038093C]&#10;	(No symbol) [0x0037A536]&#10;	(No symbol) [0x003582DC]&#10;	(No symbol) [0x003593DD]&#10;	GetHandleVerifier [0x006FAABD+2539405]&#10;	GetHandleVerifier [0x0073A78F+2800735]&#10;	GetHandleVerifier [0x0073456C+2775612]&#10;	GetHandleVerifier [0x005251E0+616112]&#10;	(No symbol) [0x00435F8C]&#10;	(No symbol) [0x00432328]&#10;	(No symbol) [0x0043240B]&#10;	(No symbol) [0x00424FF7]&#10;	BaseThreadInitThunk [0x76677BA9+25]&#10;	RtlInitializeExceptionChain [0x776CC10B+107]&#10;	RtlClearBits [0x776CC08F+191]&#10;" type="org.openqa.selenium.SessionNotCreatedException"><![CDATA[org.openqa.selenium.SessionNotCreatedException: 
session not created: This version of ChromeDriver only supports Chrome version 114
Current browser version is 127.0.6533.100 with binary path C:\Program Files\Google\Chrome\Application\chrome.exe
Build info: version: '3.141.59', revision: 'e82be7d358', time: '2018-11-14T08:17:03'
System info: host: 'SAYEDZUBAIR', ip: '192.168.1.65', os.name: 'Windows 11', os.arch: 'amd64', os.version: '10.0', java.version: '19.0.1'
Driver info: driver.version: ChromeDriver
remote stacktrace: Backtrace:
	GetHandleVerifier [0x0049A813+48355]
	(No symbol) [0x0042C4B1]
	(No symbol) [0x00335358]
	(No symbol) [0x003561AC]
	(No symbol) [0x00351EF3]
	(No symbol) [0x00350579]
	(No symbol) [0x00380C55]
	(No symbol) [0x0038093C]
	(No symbol) [0x0037A536]
	(No symbol) [0x003582DC]
	(No symbol) [0x003593DD]
	GetHandleVerifier [0x006FAABD+2539405]
	GetHandleVerifier [0x0073A78F+2800735]
	GetHandleVerifier [0x0073456C+2775612]
	GetHandleVerifier [0x005251E0+616112]
	(No symbol) [0x00435F8C]
	(No symbol) [0x00432328]
	(No symbol) [0x0043240B]
	(No symbol) [0x00424FF7]
	BaseThreadInitThunk [0x76677BA9+25]
	RtlInitializeExceptionChain [0x776CC10B+107]
	RtlClearBits [0x776CC08F+191]

	at java.base/jdk.internal.reflect.DirectConstructorHandleAccessor.newInstance(DirectConstructorHandleAccessor.java:67)
	at java.base/java.lang.reflect.Constructor.newInstanceWithCaller(Constructor.java:500)
	at java.base/java.lang.reflect.Constructor.newInstance(Constructor.java:484)
	at org.openqa.selenium.remote.W3CHandshakeResponse.lambda$errorHandler$0(W3CHandshakeResponse.java:62)
	at org.openqa.selenium.remote.HandshakeResponse.lambda$getResponseFunction$0(HandshakeResponse.java:30)
	at org.openqa.selenium.remote.ProtocolHandshake.lambda$createSession$0(ProtocolHandshake.java:126)
	at java.base/java.util.stream.ReferencePipeline$3$1.accept(ReferencePipeline.java:197)
	at java.base/java.util.Spliterators$ArraySpliterator.tryAdvance(Spliterators.java:1016)
	at java.base/java.util.stream.ReferencePipeline.forEachWithCancel(ReferencePipeline.java:129)
	at java.base/java.util.stream.AbstractPipeline.copyIntoWithCancel(AbstractPipeline.java:527)
	at java.base/java.util.stream.AbstractPipeline.copyInto(AbstractPipeline.java:513)
	at java.base/java.util.stream.AbstractPipeline.wrapAndCopyInto(AbstractPipeline.java:499)
	at java.base/java.util.stream.FindOps$FindOp.evaluateSequential(FindOps.java:150)
	at java.base/java.util.stream.AbstractPipeline.evaluate(AbstractPipeline.java:234)
	at java.base/java.util.stream.ReferencePipeline.findFirst(ReferencePipeline.java:647)
	at org.openqa.selenium.remote.ProtocolHandshake.createSession(ProtocolHandshake.java:128)
	at org.openqa.selenium.remote.ProtocolHandshake.createSession(ProtocolHandshake.java:74)
	at org.openqa.selenium.remote.HttpCommandExecutor.execute(HttpCommandExecutor.java:136)
	at org.openqa.selenium.remote.service.DriverCommandExecutor.execute(DriverCommandExecutor.java:83)
	at org.openqa.selenium.remote.RemoteWebDriver.execute(RemoteWebDriver.java:552)
	at org.openqa.selenium.remote.RemoteWebDriver.startSession(RemoteWebDriver.java:213)
	at org.openqa.selenium.remote.RemoteWebDriver.<init>(RemoteWebDriver.java:131)
	at org.openqa.selenium.chrome.ChromeDriver.<init>(ChromeDriver.java:181)
	at org.openqa.selenium.chrome.ChromeDriver.<init>(ChromeDriver.java:168)
	at org.openqa.selenium.chrome.ChromeDriver.<init>(ChromeDriver.java:157)
	at utils.CommonMethods.openBrowserAndLaunchApplication(CommonMethods.java:36)
	at steps.Hooks.preCondition(Hooks.java:11)
]]></error>
    <system-out><![CDATA[
@sprint3 @regression @tc1101
Scenario: valid admin login                    # src/test/resources/features/Login.feature:3
      org.openqa.selenium.SessionNotCreatedException: session not created: This version of ChromeDriver only supports Chrome version 114
Current browser version is 127.0.6533.100 with binary path C:\Program Files\Google\Chrome\Application\chrome.exe
Build info: version: '3.141.59', revision: 'e82be7d358', time: '2018-11-14T08:17:03'
System info: host: 'SAYEDZUBAIR', ip: '192.168.1.65', os.name: 'Windows 11', os.arch: 'amd64', os.version: '10.0', java.version: '19.0.1'
Driver info: driver.version: ChromeDriver
remote stacktrace: Backtrace:
	GetHandleVerifier [0x0049A813+48355]
	(No symbol) [0x0042C4B1]
	(No symbol) [0x00335358]
	(No symbol) [0x003561AC]
	(No symbol) [0x00351EF3]
	(No symbol) [0x00350579]
	(No symbol) [0x00380C55]
	(No symbol) [0x0038093C]
	(No symbol) [0x0037A536]
	(No symbol) [0x003582DC]
	(No symbol) [0x003593DD]
	GetHandleVerifier [0x006FAABD+2539405]
	GetHandleVerifier [0x0073A78F+2800735]
	GetHandleVerifier [0x0073456C+2775612]
	GetHandleVerifier [0x005251E0+616112]
	(No symbol) [0x00435F8C]
	(No symbol) [0x00432328]
	(No symbol) [0x0043240B]
	(No symbol) [0x00424FF7]
	BaseThreadInitThunk [0x76677BA9+25]
	RtlInitializeExceptionChain [0x776CC10B+107]
	RtlClearBits [0x776CC08F+191]

	at java.base/jdk.internal.reflect.DirectConstructorHandleAccessor.newInstance(DirectConstructorHandleAccessor.java:67)
	at java.base/java.lang.reflect.Constructor.newInstanceWithCaller(Constructor.java:500)
	at java.base/java.lang.reflect.Constructor.newInstance(Constructor.java:484)
	at org.openqa.selenium.remote.W3CHandshakeResponse.lambda$errorHandler$0(W3CHandshakeResponse.java:62)
	at org.openqa.selenium.remote.HandshakeResponse.lambda$getResponseFunction$0(HandshakeResponse.java:30)
	at org.openqa.selenium.remote.ProtocolHandshake.lambda$createSession$0(ProtocolHandshake.java:126)
	at java.base/java.util.stream.ReferencePipeline$3$1.accept(ReferencePipeline.java:197)
	at java.base/java.util.Spliterators$ArraySpliterator.tryAdvance(Spliterators.java:1016)
	at java.base/java.util.stream.ReferencePipeline.forEachWithCancel(ReferencePipeline.java:129)
	at java.base/java.util.stream.AbstractPipeline.copyIntoWithCancel(AbstractPipeline.java:527)
	at java.base/java.util.stream.AbstractPipeline.copyInto(AbstractPipeline.java:513)
	at java.base/java.util.stream.AbstractPipeline.wrapAndCopyInto(AbstractPipeline.java:499)
	at java.base/java.util.stream.FindOps$FindOp.evaluateSequential(FindOps.java:150)
	at java.base/java.util.stream.AbstractPipeline.evaluate(AbstractPipeline.java:234)
	at java.base/java.util.stream.ReferencePipeline.findFirst(ReferencePipeline.java:647)
	at org.openqa.selenium.remote.ProtocolHandshake.createSession(ProtocolHandshake.java:128)
	at org.openqa.selenium.remote.ProtocolHandshake.createSession(ProtocolHandshake.java:74)
	at org.openqa.selenium.remote.HttpCommandExecutor.execute(HttpCommandExecutor.java:136)
	at org.openqa.selenium.remote.service.DriverCommandExecutor.execute(DriverCommandExecutor.java:83)
	at org.openqa.selenium.remote.RemoteWebDriver.execute(RemoteWebDriver.java:552)
	at org.openqa.selenium.remote.RemoteWebDriver.startSession(RemoteWebDriver.java:213)
	at org.openqa.selenium.remote.RemoteWebDriver.<init>(RemoteWebDriver.java:131)
	at org.openqa.selenium.chrome.ChromeDriver.<init>(ChromeDriver.java:181)
	at org.openqa.selenium.chrome.ChromeDriver.<init>(ChromeDriver.java:168)
	at org.openqa.selenium.chrome.ChromeDriver.<init>(ChromeDriver.java:157)
	at utils.CommonMethods.openBrowserAndLaunchApplication(CommonMethods.java:36)
	at steps.Hooks.preCondition(Hooks.java:11)

  When user enters valid username and password # steps.LoginSteps.user_enters_valid_username_and_password()
  And user clicks on login button              # steps.LoginSteps.user_clicks_on_login_button()
  Then user is successfully logged in          # steps.LoginSteps.user_is_successfully_logged_in()
      java.lang.NullPointerException: Cannot invoke "org.openqa.selenium.TakesScreenshot.getScreenshotAs(org.openqa.selenium.OutputType)" because "ts" is null
	at utils.CommonMethods.takeScreenshot(CommonMethods.java:121)
	at steps.Hooks.postCondition(Hooks.java:21)

]]></system-out>
    <system-err><![CDATA[SLF4J: Failed to load class "org.slf4j.impl.StaticLoggerBinder".
SLF4J: Defaulting to no-operation (NOP) logger implementation
SLF4J: See http://www.slf4j.org/codes.html#StaticLoggerBinder for further details.
log4j:WARN No appenders could be found for logger (org.apache.http.client.protocol.RequestAddCookies).
log4j:WARN Please initialize the log4j system properly.
log4j:WARN See http://logging.apache.org/log4j/1.2/faq.html#noconfig for more info.
Starting ChromeDriver 114.0.5735.90 (386bc09e8f4f2e025eddae123f36f6263096ae49-refs/branch-heads/5735@{#1052}) on port 55906
Only local connections are allowed.
Please see https://chromedriver.chromium.org/security-considerations for suggestions on keeping ChromeDriver safe.
ChromeDriver was started successfully.
]]></system-err>
  </testcase>
  <testcase name="valid admin login" classname="Login functionality" time="3.016">
    <error message="Cannot invoke &quot;org.openqa.selenium.TakesScreenshot.getScreenshotAs(org.openqa.selenium.OutputType)&quot; because &quot;ts&quot; is null" type="java.lang.NullPointerException"><![CDATA[java.lang.NullPointerException: Cannot invoke "org.openqa.selenium.TakesScreenshot.getScreenshotAs(org.openqa.selenium.OutputType)" because "ts" is null
	at utils.CommonMethods.takeScreenshot(CommonMethods.java:121)
	at steps.Hooks.postCondition(Hooks.java:21)
]]></error>
  </testcase>
</testsuite>